[2022-12-15 21:31:57.824118] 開始執行
[2022-12-15 21:31:57.832423] 檢查系統
[2022-12-15 21:31:57.840421] 系統檢查成功,你的系統為 Windows
[2022-12-15 21:32:02.849374] 連線成功
[2022-12-15 21:32:03.399144] 啟動中
[2022-12-15 21:32:08.747998] 開始發送數據
[2022-12-15 22:23:10.261687] 開始執行
[2022-12-15 22:23:10.268689] 檢查系統
[2022-12-15 22:23:10.276686] 系統檢查成功,你的系統為 Windows
[2022-12-15 22:23:15.286654] 連線成功
[2022-12-15 22:23:15.858826] 啟動中
[2022-12-15 22:23:21.077835] 開始發送數據
[2022-12-15 22:23:28.521747] 開始執行
[2022-12-15 22:23:28.529747] 檢查系統
[2022-12-15 22:23:28.539747] 系統檢查成功,你的系統為 Windows
[2022-12-15 22:23:33.547804] 連線成功
[2022-12-15 22:23:34.092225] 啟動中
[2022-12-15 22:23:39.336803] 開始發送數據
[2022-12-15 22:25:15.689672] 開始執行
[2022-12-15 22:25:15.697676] 檢查系統
[2022-12-15 22:25:15.706673] 系統檢查成功,你的系統為 Windows
[2022-12-15 22:25:20.715997] 連線成功
[2022-12-15 22:25:21.240074] 啟動中
[2022-12-15 22:25:26.469435] 開始發送數據
[2022-12-15 22:26:00.839394] 開始執行
[2022-12-15 22:26:00.847844] 檢查系統
[2022-12-15 22:26:00.856841] 系統檢查成功,你的系統為 Windows
[2022-12-15 22:26:05.867393] 連線成功
[2022-12-15 22:26:06.395594] 啟動中
[2022-12-15 22:26:11.643463] 開始發送數據
[2022-12-15 22:33:32.733710] 開始執行
[2022-12-15 22:33:32.743709] 檢查系統
[2022-12-15 22:33:32.751708] 系統檢查成功,你的系統為 Windows
[2022-12-15 22:33:37.764590] 連線成功
[2022-12-15 22:33:38.352648] 啟動中
[2022-12-15 22:33:43.592085] 開始發送數據
[2022-12-15 22:33:50.462594] 程式被手動停止
[2022-12-15 23:09:35.421563] 開始執行
[2022-12-15 23:09:35.431563] 檢查系統
[2022-12-15 23:09:35.440564] 系統檢查成功,你的系統為 Windows
[2022-12-15 23:09:40.450030] 連線成功
[2022-12-15 23:09:40.973565] 啟動中
[2022-12-15 23:09:46.194961] 開始發送數據
[2022-12-15 23:09:48.960150] 程式被手動停止
[2022-12-15 23:09:55.801615] 開始執行
[2022-12-15 23:09:55.810621] 檢查系統
[2022-12-15 23:09:55.817623] 系統檢查成功,你的系統為 Windows
[2022-12-15 23:10:00.825386] 連線成功
[2022-12-15 23:10:01.353936] 啟動中
[2022-12-15 23:10:06.583934] 開始發送數據
[2022-12-15 23:11:35.243919] 程式被手動停止
[2022-12-15 23:11:44.647139] 開始執行
[2022-12-15 23:11:44.657143] 檢查系統
[2022-12-15 23:11:44.665650] 系統檢查成功,你的系統為 Windows
[2022-12-15 23:11:49.674288] 連線成功
[2022-12-15 23:11:50.200684] 啟動中
[2022-12-15 23:11:55.437873] 開始發送數據
[2022-12-15 23:12:29.814259] 開始執行
[2022-12-15 23:12:29.836260] 檢查系統
[2022-12-15 23:12:29.844260] 系統檢查成功,你的系統為 Windows
[2022-12-15 23:12:34.852577] 連線成功
[2022-12-15 23:12:35.370156] 啟動中
[2022-12-15 23:12:40.624940] 開始發送數據
[2022-12-15 23:24:12.812113] 發生錯誤,錯誤為: [Write timeout]
[2022-12-16 21:51:05.207911] 開始執行
[2022-12-16 21:51:10.243814] 連線成功
[2022-12-16 21:51:10.301826] 發生錯誤,錯誤為: [name 'board' is not defined]
[2022-12-16 21:51:16.235204] 開始執行
[2022-12-16 21:51:21.255055] 連線成功
[2022-12-16 21:51:21.322584] 發生錯誤,錯誤為: [name 'board' is not defined]
[2022-12-16 21:53:33.203335] 開始執行
[2022-12-16 21:53:33.217838] 檢查系統
[2022-12-16 21:53:33.230834] 系統檢查成功,你的系統為 Windows
[2022-12-16 21:53:38.244827] 連線成功
[2022-12-16 21:53:38.771832] 啟動中
[2022-12-16 21:53:44.102589] 開始發送數據
[2022-12-16 22:25:17.909417] 開始執行
[2022-12-16 22:25:17.918826] 檢查系統
[2022-12-16 22:25:17.929832] 系統檢查成功,你的系統為 Windows
[2022-12-16 22:25:22.944826] 連線成功
[2022-12-16 22:25:23.471826] 啟動中
[2022-12-16 22:25:28.836827] 開始發送數據
[2022-12-16 22:29:28.344427] 開始執行
[2022-12-16 22:29:28.356432] 檢查系統
[2022-12-16 22:29:28.368433] 系統檢查成功,你的系統為 Windows
[2022-12-16 22:29:33.377746] 連線成功
[2022-12-16 22:29:33.500827] 啟動中
[2022-12-16 22:29:34.902918] 開始發送數據
[2022-12-16 22:39:19.946870] 開始執行
[2022-12-16 22:39:19.954818] 檢查系統
[2022-12-16 22:39:19.961823] 系統檢查成功,你的系統為 Windows
[2022-12-16 22:39:24.972182] 連線成功
[2022-12-16 22:39:25.102824] 啟動中
[2022-12-16 22:39:26.501900] 開始發送數據
[2022-12-16 22:39:45.596250] 開始執行
[2022-12-16 22:39:45.608825] 檢查系統
[2022-12-16 22:39:45.622825] 系統檢查成功,你的系統為 Windows
[2022-12-16 22:39:50.636068] 連線成功
[2022-12-16 22:39:50.802097] 啟動中
[2022-12-16 22:39:52.216831] 開始發送數據
[2022-12-16 22:41:45.341667] 開始執行
[2022-12-16 22:41:45.353667] 檢查系統
[2022-12-16 22:41:45.365669] 系統檢查成功,你的系統為 Windows
[2022-12-16 22:41:45.375672] 連線失敗,請檢查端口是否正確或板子是否正確連接
[2022-12-16 22:42:07.191826] 開始執行
[2022-12-16 22:42:07.204337] 檢查系統
[2022-12-16 22:42:07.218336] 系統檢查成功,你的系統為 Windows
[2022-12-16 22:42:12.230609] 連線成功
[2022-12-16 22:42:12.360230] 啟動中
[2022-12-16 22:42:13.771455] 開始發送數據
[2022-12-16 22:42:40.740162] 開始執行
[2022-12-16 22:42:40.753238] 檢查系統
[2022-12-16 22:42:40.767245] 系統檢查成功,你的系統為 Windows
[2022-12-16 22:42:45.796870] 連線成功
[2022-12-16 22:42:45.979557] 啟動中
[2022-12-16 22:42:47.394929] 開始發送數據
[2022-12-16 22:43:03.918759] 程式被手動停止
[2022-12-16 22:59:20.839826] 開始執行
[2022-12-16 22:59:20.849826] 檢查系統
[2022-12-16 22:59:20.865055] 系統檢查成功,你的系統為 Windows
[2022-12-16 22:59:25.879871] 連線失敗,請檢查端口是否正確或板子是否正確連接
[2022-12-16 22:59:25.939703] 發生錯誤,錯誤為: [name 'exit' is not defined]
[2022-12-16 22:59:35.111945] 開始執行
[2022-12-16 22:59:35.121832] 檢查系統
[2022-12-16 22:59:35.135701] 系統檢查成功,你的系統為 Windows
[2022-12-16 22:59:40.152469] 連線成功
[2022-12-16 22:59:40.326828] 啟動中
[2022-12-16 22:59:41.751933] 開始發送數據
[2022-12-17 13:31:16.647797] 開始執行
[2022-12-17 13:31:17.373065] 檢查系統
[2022-12-17 13:31:18.432645] 系統檢查成功,你的系統為 Windows
[2022-12-17 13:31:19.344551] 連線失敗,請檢查端口是否正確或板子是否正確連接
[2022-12-17 13:35:19.334470] 開始執行
[2022-12-17 13:35:19.913200] 檢查系統
[2022-12-17 13:35:20.615041] 系統檢查成功,你的系統為 Windows
[2022-12-17 13:35:21.578760] 連線失敗,請檢查端口是否正確或板子是否正確連接
[2022-12-17 18:55:35.942111] 開始執行
[2022-12-17 18:55:35.956111] 檢查系統
[2022-12-17 18:55:35.970109] 系統檢查成功,你的系統為 Windows
[2022-12-17 18:55:35.986113] 連線失敗,請檢查端口是否正確或板子是否正確連接
[2022-12-17 18:55:39.082371] 開始執行
[2022-12-17 18:55:39.093374] 檢查系統
[2022-12-17 18:55:39.104946] 系統檢查成功,你的系統為 Windows
[2022-12-17 18:55:39.114947] 連線失敗,請檢查端口是否正確或板子是否正確連接
[2022-12-17 18:55:52.807560] 開始執行
[2022-12-17 18:55:52.822566] 檢查系統
[2022-12-17 18:55:52.840086] 系統檢查成功,你的系統為 Windows
[2022-12-17 18:55:57.857142] 連線成功
[2022-12-17 18:55:58.024218] 啟動中
[2022-12-17 18:55:59.442590] 開始發送數據
[2022-12-17 18:56:35.525600] 開始執行
[2022-12-17 18:56:35.539602] 檢查系統
[2022-12-17 18:56:35.550598] 系統檢查成功,你的系統為 Windows
[2022-12-17 18:56:40.561570] 連線成功
[2022-12-17 18:56:40.694081] 啟動中
[2022-12-17 18:56:42.102310] 開始發送數據
[2022-12-17 18:58:24.887602] 開始執行
[2022-12-17 18:58:24.905603] 檢查系統
[2022-12-17 18:58:24.921602] 系統檢查成功,你的系統為 Windows
[2022-12-17 18:58:29.935332] 連線成功
[2022-12-17 18:58:30.063244] 啟動中
[2022-12-17 18:58:31.476656] 開始發送數據
[2022-12-17 19:02:46.255869] 開始執行
[2022-12-17 19:02:46.271385] 檢查系統
[2022-12-17 19:02:46.287385] 系統檢查成功,你的系統為 Windows
[2022-12-17 19:02:51.299668] 連線成功
[2022-12-17 19:02:51.419477] 啟動中
[2022-12-17 19:02:52.839320] 開始發送數據
[2022-12-17 19:03:11.532574] 開始執行
[2022-12-17 19:03:11.546085] 檢查系統
[2022-12-17 19:03:11.566242] 系統檢查成功,你的系統為 Windows
[2022-12-17 19:03:16.577244] 連線成功
[2022-12-17 19:03:16.707168] 啟動中
[2022-12-17 19:03:18.110801] 開始發送數據
[2022-12-17 19:06:43.597090] 開始執行
[2022-12-17 19:06:43.609097] 檢查系統
[2022-12-17 19:06:43.623606] 系統檢查成功,你的系統為 Windows
[2022-12-17 19:06:48.635509] 連線成功
[2022-12-17 19:06:48.766158] 啟動中
[2022-12-17 19:06:50.157618] 開始發送數據
[2022-12-17 19:07:03.460265] 開始執行
[2022-12-17 19:07:03.476773] 檢查系統
[2022-12-17 19:07:03.520103] 系統檢查成功,你的系統為 Windows
[2022-12-17 19:07:08.530568] 連線成功
[2022-12-17 19:07:08.657070] 啟動中
[2022-12-17 19:07:10.062793] 開始發送數據
[2022-12-17 19:29:06.251665] 程式被手動停止
[2022-12-17 19:29:20.243923] 開始執行
[2022-12-17 19:29:20.259976] 檢查系統
[2022-12-17 19:29:20.272662] 系統檢查成功,你的系統為 Windows
[2022-12-17 19:29:25.287084] 連線成功
[2022-12-17 19:29:25.475956] 啟動中
[2022-12-17 19:29:26.879737] 開始發送數據
[2022-12-17 19:29:33.008878] 程式被手動停止
[2022-12-17 19:30:48.379617] 開始執行
[2022-12-17 19:30:48.401108] 檢查系統
[2022-12-17 19:30:48.415617] 系統檢查成功,你的系統為 Windows
[2022-12-17 19:30:53.427079] 連線成功
[2022-12-17 19:30:53.558731] 啟動中
[2022-12-17 19:30:54.962905] 開始發送數據
[2022-12-17 19:30:56.653285] 程式被手動停止
[2022-12-17 19:31:25.149096] 開始執行
[2022-12-17 19:31:25.162572] 檢查系統
[2022-12-17 19:31:25.174103] 系統檢查成功,你的系統為 Windows
[2022-12-17 19:31:30.187080] 連線成功
[2022-12-17 19:31:30.307899] 啟動中
[2022-12-17 19:31:31.715111] 開始發送數據
[2022-12-17 19:31:56.124750] 開始執行
[2022-12-17 19:31:56.136085] 檢查系統
[2022-12-17 19:31:56.148609] 系統檢查成功,你的系統為 Windows
[2022-12-17 19:32:01.162995] 連線成功
[2022-12-17 19:32:01.340635] 啟動中
[2022-12-17 19:32:02.753983] 開始發送數據
[2022-12-17 19:32:07.246534] 程式被手動停止
[2022-12-17 20:41:55.087169] 開始執行
[2022-12-17 20:41:55.095610] 檢查系統
[2022-12-17 20:41:55.101761] 系統檢查成功,你的系統為 Windows
[2022-12-17 20:42:00.114045] 連線成功
[2022-12-17 20:42:00.304238] 啟動中
[2022-12-17 20:42:01.719815] 開始發送數據
[2022-12-17 20:42:01.741821] 發生錯誤,錯誤為: ['eth4']
[2022-12-17 20:42:46.048143] 開始執行
[2022-12-17 20:42:46.061139] 檢查系統
[2022-12-17 20:42:46.075067] 系統檢查成功,你的系統為 Windows
[2022-12-17 20:42:51.088127] 連線成功
[2022-12-17 20:42:51.215083] 啟動中
[2022-12-17 20:42:52.632772] 開始發送數據
[2022-12-17 20:42:52.653085] 發生錯誤,錯誤為: ['ETH']
[2022-12-17 20:42:58.785085] 開始執行
[2022-12-17 20:42:58.803084] 檢查系統
[2022-12-17 20:42:58.817437] 系統檢查成功,你的系統為 Windows
[2022-12-17 20:43:03.832083] 連線成功
[2022-12-17 20:43:03.955087] 啟動中
[2022-12-17 20:43:05.373082] 開始發送數據
[2022-12-17 20:43:05.391084] 發生錯誤,錯誤為: ['eth']
[2022-12-17 20:43:35.729083] 開始執行
[2022-12-17 20:43:35.746085] 檢查系統
[2022-12-17 20:43:35.760086] 系統檢查成功,你的系統為 Windows
[2022-12-17 20:43:40.799600] 連線成功
[2022-12-17 20:43:40.930337] 啟動中
[2022-12-17 20:43:42.354083] 開始發送數據
[2022-12-17 20:43:42.371081] 發生錯誤,錯誤為: ['eth0']
[2022-12-17 20:44:05.437674] 開始執行
[2022-12-17 20:44:05.455085] 檢查系統
[2022-12-17 20:44:05.471077] 系統檢查成功,你的系統為 Windows
[2022-12-17 20:44:10.484126] 連線成功
[2022-12-17 20:44:10.608022] 啟動中
[2022-12-17 20:44:12.003110] 開始發送數據
[2022-12-17 20:44:12.019496] 發生錯誤,錯誤為: ['乙太網路4']
[2022-12-17 20:45:29.093709] 開始執行
[2022-12-17 20:45:29.108087] 檢查系統
[2022-12-17 20:45:29.123755] 系統檢查成功,你的系統為 Windows
[2022-12-17 20:45:34.140761] 連線成功
[2022-12-17 20:45:34.276535] 啟動中
[2022-12-17 20:45:35.698208] 開始發送數據
[2022-12-17 20:45:35.718357] 發生錯誤,錯誤為: ['Ethernet']
[2022-12-17 20:45:46.118084] 開始執行
[2022-12-17 20:45:46.130251] 檢查系統
[2022-12-17 20:45:46.147676] 系統檢查成功,你的系統為 Windows
[2022-12-17 20:45:51.159853] 連線成功
[2022-12-17 20:45:51.284764] 啟動中
[2022-12-17 20:45:52.700091] 開始發送數據
[2022-12-17 20:45:52.723309] 發生錯誤,錯誤為: ['Ethernet4']
[2022-12-17 20:48:23.853086] 開始執行
[2022-12-17 20:48:23.867324] 檢查系統
[2022-12-17 20:48:23.880037] 系統檢查成功,你的系統為 Windows
[2022-12-17 20:48:28.892269] 連線成功
[2022-12-17 20:48:29.023616] 啟動中
[2022-12-17 20:48:30.438708] 開始發送數據
[2022-12-17 20:48:30.459974] 發生錯誤,錯誤為: ['Ethernet4']
[2022-12-17 20:48:45.146707] 開始執行
[2022-12-17 20:48:45.160146] 檢查系統
[2022-12-17 20:48:45.174084] 系統檢查成功,你的系統為 Windows
[2022-12-17 20:48:50.186122] 連線成功
[2022-12-17 20:48:50.319121] 啟動中
[2022-12-17 20:48:51.729442] 開始發送數據
[2022-12-17 20:48:51.751083] 發生錯誤,錯誤為: ['Ethernet4']
[2022-12-17 20:49:20.649086] 開始執行
[2022-12-17 20:49:20.661978] 檢查系統
[2022-12-17 20:49:20.676083] 系統檢查成功,你的系統為 Windows
[2022-12-17 20:49:25.689975] 連線成功
[2022-12-17 20:49:25.882085] 啟動中
[2022-12-17 20:49:27.293204] 開始發送數據
[2022-12-17 20:49:27.314324] 發生錯誤,錯誤為: ['Ethernet4']
[2022-12-17 20:49:47.295086] 開始執行
[2022-12-17 20:49:47.307945] 檢查系統
[2022-12-17 20:49:47.320955] 系統檢查成功,你的系統為 Windows
[2022-12-17 20:49:52.336593] 連線成功
[2022-12-17 20:49:52.466084] 啟動中
[2022-12-17 20:49:53.872080] 開始發送數據
[2022-12-17 20:50:24.040654] 程式被手動停止
[2022-12-17 20:50:27.334194] 開始執行
[2022-12-17 20:50:27.348257] 檢查系統
[2022-12-17 20:50:27.361442] 系統檢查成功,你的系統為 Windows
[2022-12-17 20:50:32.371398] 連線成功
[2022-12-17 20:50:32.564643] 啟動中
[2022-12-17 20:50:33.977593] 開始發送數據
[2022-12-17 21:03:01.723071] 程式被手動停止
[2022-12-17 21:03:13.969093] 開始執行
[2022-12-17 21:03:13.987109] 檢查系統
[2022-12-17 21:03:14.001079] 系統檢查成功,你的系統為 Windows
[2022-12-17 21:03:19.014671] 連線成功
[2022-12-17 21:03:19.221312] 啟動中
[2022-12-17 21:03:20.631090] 開始發送數據
[2022-12-17 21:07:05.305272] 程式被手動停止
[2022-12-17 21:08:06.468091] 開始執行
[2022-12-17 21:08:06.479019] 檢查系統
[2022-12-17 21:08:06.492500] 系統檢查成功,你的系統為 Windows
[2022-12-17 21:08:11.503441] 連線成功
[2022-12-17 21:08:11.629495] 啟動中
[2022-12-17 21:08:13.048699] 開始發送數據
[2022-12-17 21:10:32.206084] 程式被手動停止
[2022-12-17 21:10:33.888626] 開始執行
[2022-12-17 21:10:33.898628] 檢查系統
[2022-12-17 21:10:33.909087] 系統檢查成功,你的系統為 Windows
[2022-12-17 21:10:38.922156] 連線成功
[2022-12-17 21:10:39.084876] 啟動中
[2022-12-17 21:10:40.496449] 開始發送數據
[2022-12-17 21:10:40.513983] 發生錯誤,錯誤為: ['乙太網路4']
[2022-12-17 21:20:28.194226] 開始執行
[2022-12-17 21:20:28.209226] 檢查系統
[2022-12-17 21:20:28.223082] 系統檢查成功,你的系統為 Windows
[2022-12-17 21:20:33.239297] 連線成功
[2022-12-17 21:20:33.407811] 啟動中
[2022-12-17 21:20:34.819601] 開始發送數據
[2022-12-17 21:20:34.839609] 發生錯誤,錯誤為: ['乙太網路4']
[2022-12-17 21:20:53.087550] 開始執行
[2022-12-17 21:20:53.102555] 檢查系統
[2022-12-17 21:20:53.123085] 系統檢查成功,你的系統為 Windows
[2022-12-17 21:20:58.138354] 連線成功
[2022-12-17 21:20:58.324007] 啟動中
[2022-12-17 21:20:59.743164] 開始發送數據
[2022-12-17 21:20:59.764220] 發生錯誤,錯誤為: ['乙太網路4']
[2022-12-17 21:21:11.515087] 開始執行
[2022-12-17 21:21:11.526086] 檢查系統
[2022-12-17 21:21:11.534143] 系統檢查成功,你的系統為 Windows
[2022-12-17 21:21:16.544250] 連線成功
[2022-12-17 21:21:16.717564] 啟動中
[2022-12-17 21:21:18.133084] 開始發送數據
[2022-12-17 21:21:18.154590] 發生錯誤,錯誤為: ['乙太網路4']
[2022-12-17 21:23:00.577285] 開始執行
[2022-12-17 21:23:00.589971] 檢查系統
[2022-12-17 21:23:00.603056] 系統檢查成功,你的系統為 Windows
[2022-12-17 21:23:02.424478] 連線失敗,請檢查端口是否正確或板子是否正確連接
[2022-12-17 21:23:05.665082] 開始執行
[2022-12-17 21:23:05.682082] 檢查系統
[2022-12-17 21:23:05.698085] 系統檢查成功,你的系統為 Windows
[2022-12-17 21:23:10.716069] 連線成功
[2022-12-17 21:23:10.865583] 啟動中
[2022-12-17 21:23:12.005094] 程式被手動停止
[2022-12-17 21:23:35.121431] 開始執行
[2022-12-17 21:23:35.137285] 檢查系統
[2022-12-17 21:23:35.164084] 系統檢查成功,你的系統為 Windows
[2022-12-17 21:23:40.175376] 連線成功
[2022-12-17 21:23:40.306109] 啟動中
[2022-12-17 21:23:41.720084] 開始發送數據
[2022-12-17 21:23:41.739080] 發生錯誤,錯誤為: ['乙太網路4']
[2022-12-17 21:27:33.766085] 開始執行
[2022-12-17 21:27:33.779206] 檢查系統
[2022-12-17 21:27:33.791207] 系統檢查成功,你的系統為 Windows
[2022-12-17 21:27:38.803054] 連線成功
[2022-12-17 21:27:38.926054] 啟動中
[2022-12-17 21:27:40.339057] 開始發送數據
[2022-12-17 21:28:12.632294] 程式被手動停止
[2022-12-17 21:28:16.409139] 開始執行
[2022-12-17 21:28:16.422084] 檢查系統
[2022-12-17 21:28:16.435084] 系統檢查成功,你的系統為 Windows
[2022-12-17 21:28:21.449183] 連線成功
[2022-12-17 21:28:21.584086] 啟動中
[2022-12-17 21:28:22.996119] 開始發送數據
[2022-12-17 21:28:55.248090] 程式被手動停止
[2022-12-17 21:29:00.999412] 開始執行
[2022-12-17 21:29:01.011985] 檢查系統
[2022-12-17 21:29:01.025218] 系統檢查成功,你的系統為 Windows
[2022-12-17 21:29:06.038600] 連線成功
[2022-12-17 21:29:06.223103] 啟動中
[2022-12-17 21:29:07.620131] 開始發送數據
[2022-12-17 21:29:32.811459] 程式被手動停止
[2022-12-17 21:29:35.184085] 開始執行
[2022-12-17 21:29:35.199086] 檢查系統
[2022-12-17 21:29:35.213084] 系統檢查成功,你的系統為 Windows
[2022-12-17 21:29:40.226792] 連線成功
[2022-12-17 21:29:40.362125] 啟動中
[2022-12-17 21:29:41.779959] 開始發送數據
[2022-12-17 21:32:15.564777] 程式被手動停止
[2022-12-17 21:32:52.558602] 開始執行
[2022-12-17 21:32:52.574084] 檢查系統
[2022-12-17 21:32:52.586084] 系統檢查成功,你的系統為 Windows
[2022-12-17 21:32:57.599475] 連線成功
[2022-12-17 21:32:57.729088] 啟動中
[2022-12-17 21:32:59.160156] 開始發送數據
[2022-12-17 21:33:02.317710] 發生錯誤,錯誤為: ['乙太網路4']
[2022-12-17 21:33:49.644382] 開始執行
[2022-12-17 21:33:49.661187] 檢查系統
[2022-12-17 21:33:49.673193] 系統檢查成功,你的系統為 Windows
[2022-12-17 21:33:54.686601] 連線成功
[2022-12-17 21:33:54.861975] 啟動中
[2022-12-17 21:33:56.273381] 開始發送數據
[2022-12-17 21:36:57.470033] 程式被手動停止
[2022-12-17 21:37:00.251951] 開始執行
[2022-12-17 21:37:00.266301] 檢查系統
[2022-12-17 21:37:00.276619] 系統檢查成功,你的系統為 Windows
[2022-12-17 21:37:05.289093] 連線成功
[2022-12-17 21:37:05.410687] 啟動中
[2022-12-17 21:37:06.819304] 開始發送數據
[2022-12-17 21:45:09.492739] 程式被手動停止
[2022-12-17 21:45:11.612978] 開始執行
[2022-12-17 21:45:11.624979] 檢查系統
[2022-12-17 21:45:11.637978] 系統檢查成功,你的系統為 Windows
[2022-12-17 21:45:16.654297] 連線成功
[2022-12-17 21:45:16.784223] 啟動中
[2022-12-17 21:45:18.196025] 開始發送數據
[2022-12-17 21:45:39.708290] 程式被手動停止
[2022-12-17 21:51:32.380254] 開始執行
[2022-12-17 21:51:32.394085] 檢查系統
[2022-12-17 21:51:32.411022] 系統檢查成功,你的系統為 Windows
[2022-12-17 21:51:37.423795] 連線成功
[2022-12-17 21:51:37.609080] 啟動中
[2022-12-17 21:51:39.007212] 開始發送數據
[2022-12-17 21:52:37.462489] 開始執行
[2022-12-17 21:52:37.475490] 檢查系統
[2022-12-17 21:52:37.486490] 系統檢查成功,你的系統為 Windows
[2022-12-17 21:52:42.500280] 連線成功
[2022-12-17 21:52:42.687781] 啟動中
[2022-12-17 21:52:44.089628] 開始發送數據
[2022-12-17 21:53:30.752313] 開始執行
[2022-12-17 21:53:30.765402] 檢查系統
[2022-12-17 21:53:30.778085] 系統檢查成功,你的系統為 Windows
[2022-12-17 21:53:35.791646] 連線成功
[2022-12-17 21:53:35.965080] 啟動中
[2022-12-17 21:53:37.375764] 開始發送數據
[2022-12-17 21:54:28.428697] 開始執行
[2022-12-17 21:54:28.445079] 檢查系統
[2022-12-17 21:54:28.457092] 系統檢查成功,你的系統為 Windows
[2022-12-17 21:54:33.473921] 連線成功
[2022-12-17 21:54:33.627354] 啟動中
[2022-12-17 21:54:35.044275] 開始發送數據
[2022-12-17 21:55:59.121132] 開始執行
[2022-12-17 21:55:59.131292] 檢查系統
[2022-12-17 21:55:59.139298] 系統檢查成功,你的系統為 Windows
[2022-12-17 21:56:04.155163] 連線成功
[2022-12-17 21:56:04.290862] 啟動中
[2022-12-17 21:56:05.699231] 開始發送數據
[2022-12-17 21:57:24.953280] 開始執行
[2022-12-17 21:57:24.966082] 檢查系統
[2022-12-17 21:57:24.980081] 系統檢查成功,你的系統為 Windows
[2022-12-17 21:57:29.991520] 連線成功
[2022-12-17 21:57:30.160391] 啟動中
[2022-12-17 21:57:31.577674] 開始發送數據
[2022-12-17 22:00:45.950580] 發生錯誤,錯誤為: [name 'board' is not defined]
[2022-12-17 22:00:57.848087] 開始執行
[2022-12-17 22:00:57.863087] 檢查系統
[2022-12-17 22:00:57.881096] 系統檢查成功,你的系統為 Windows
[2022-12-17 22:01:02.894414] 連線成功
[2022-12-17 22:01:03.040122] 啟動中
[2022-12-17 22:01:04.434014] 開始發送數據
[2022-12-17 22:02:34.892821] 程式被手動停止
[2022-12-17 22:08:14.945561] 開始執行
[2022-12-17 22:08:14.955562] 檢查系統
[2022-12-17 22:08:14.965907] 系統檢查成功,你的系統為 Windows
[2022-12-17 22:08:19.979044] 連線成功
[2022-12-17 22:08:20.109069] 啟動中
[2022-12-17 22:08:21.537894] 開始發送數據
[2022-12-17 22:11:07.599659] 開始執行
[2022-12-17 22:11:07.612790] 檢查系統
[2022-12-17 22:11:07.630790] 系統檢查成功,你的系統為 Windows
[2022-12-17 22:11:12.647079] 連線成功
[2022-12-17 22:11:12.774083] 啟動中
[2022-12-17 22:11:14.188969] 開始發送數據
[2022-12-17 22:11:20.876053] 開始執行
[2022-12-17 22:11:20.888056] 檢查系統
[2022-12-17 22:11:20.901053] 系統檢查成功,你的系統為 Windows
[2022-12-17 22:11:25.919924] 連線成功
[2022-12-17 22:11:26.079979] 啟動中
[2022-12-17 22:11:27.488860] 開始發送數據
[2022-12-17 22:11:33.480419] 開始執行
[2022-12-17 22:11:33.492887] 檢查系統
[2022-12-17 22:11:33.502887] 系統檢查成功,你的系統為 Windows
[2022-12-17 22:11:38.515784] 連線成功
[2022-12-17 22:11:38.645079] 啟動中
[2022-12-17 22:11:40.058095] 開始發送數據
[2022-12-17 22:12:07.909043] 開始執行
[2022-12-17 22:12:07.927044] 檢查系統
[2022-12-17 22:12:07.943045] 系統檢查成功,你的系統為 Windows
[2022-12-17 22:12:12.956970] 連線成功
[2022-12-17 22:12:13.076708] 啟動中
[2022-12-17 22:12:14.492091] 開始發送數據
[2022-12-17 22:12:47.190082] 開始執行
[2022-12-17 22:12:47.203594] 檢查系統
[2022-12-17 22:12:47.219203] 系統檢查成功,你的系統為 Windows
[2022-12-17 22:12:52.234087] 連線成功
[2022-12-17 22:12:52.357926] 啟動中
[2022-12-17 22:12:53.767658] 開始發送數據
[2022-12-17 22:22:51.070481] 開始執行
[2022-12-17 22:22:51.079482] 檢查系統
[2022-12-17 22:22:51.087061] 系統檢查成功,你的系統為 Windows
[2022-12-17 22:22:56.098128] 連線成功
[2022-12-17 22:22:56.224067] 啟動中
[2022-12-17 22:22:57.634715] 開始發送數據
[2022-12-17 22:23:07.853602] 發生錯誤,錯誤為: [threads can only be started once]
[2022-12-17 22:30:44.791083] 開始執行
[2022-12-17 22:30:44.804085] 檢查系統
[2022-12-17 22:30:44.817085] 系統檢查成功,你的系統為 Windows
[2022-12-17 22:30:49.830083] 連線成功
[2022-12-17 22:30:49.949590] 啟動中
[2022-12-17 22:30:51.362556] 開始發送數據
[2022-12-17 22:32:06.218597] 開始執行
[2022-12-17 22:32:06.235595] 檢查系統
[2022-12-17 22:32:06.246596] 系統檢查成功,你的系統為 Windows
[2022-12-17 22:32:11.258071] 連線成功
[2022-12-17 22:32:11.463858] 啟動中
[2022-12-17 22:32:12.876232] 開始發送數據
[2022-12-17 22:34:18.509303] 開始執行
[2022-12-17 22:34:18.519819] 檢查系統
[2022-12-17 22:34:18.531818] 系統檢查成功,你的系統為 Windows
[2022-12-17 22:34:23.544083] 連線成功
[2022-12-17 22:34:23.735141] 啟動中
[2022-12-17 22:35:49.575841] 開始執行
[2022-12-17 22:35:49.596838] 檢查系統
[2022-12-17 22:35:49.611841] 系統檢查成功,你的系統為 Windows
[2022-12-17 22:35:54.628130] 連線成功
[2022-12-17 22:35:54.808776] 啟動中
[2022-12-17 22:35:56.224209] 開始發送數據
[2022-12-17 22:38:42.762601] 開始執行
[2022-12-17 22:38:42.777603] 檢查系統
[2022-12-17 22:38:42.793607] 系統檢查成功,你的系統為 Windows
[2022-12-17 22:38:47.808092] 連線成功
[2022-12-17 22:38:48.000595] 啟動中
[2022-12-17 22:38:49.385857] 開始發送數據
[2022-12-17 22:40:41.141622] 開始執行
[2022-12-17 22:40:41.151133] 檢查系統
[2022-12-17 22:40:41.162133] 系統檢查成功,你的系統為 Windows
[2022-12-17 22:40:46.177027] 連線成功
[2022-12-17 22:40:46.377784] 啟動中
[2022-12-17 22:40:47.776482] 開始發送數據
[2022-12-17 22:41:41.511083] 開始執行
[2022-12-17 22:41:41.521083] 檢查系統
[2022-12-17 22:41:41.533676] 系統檢查成功,你的系統為 Windows
[2022-12-17 22:41:46.546473] 連線成功
[2022-12-17 22:41:46.672465] 啟動中
[2022-12-17 22:41:48.099080] 開始發送數據
[2022-12-17 22:46:32.922713] 開始執行
[2022-12-17 22:46:32.936713] 檢查系統
[2022-12-17 22:46:32.952356] 系統檢查成功,你的系統為 Windows
[2022-12-17 22:46:37.966170] 連線成功
[2022-12-17 22:46:38.096084] 啟動中
[2022-12-17 22:46:39.497284] 開始發送數據
[2022-12-17 22:47:44.300080] 開始執行
[2022-12-17 22:47:44.325081] 檢查系統
[2022-12-17 22:47:44.346092] 系統檢查成功,你的系統為 Windows
[2022-12-17 22:47:49.361354] 連線成功
[2022-12-17 22:47:49.557084] 啟動中
[2022-12-17 22:47:50.978084] 開始發送數據
[2022-12-17 22:50:01.364599] 開始執行
[2022-12-17 22:50:01.379600] 檢查系統
[2022-12-17 22:50:01.398599] 系統檢查成功,你的系統為 Windows
[2022-12-17 22:50:06.410090] 連線成功
[2022-12-17 22:50:06.597784] 啟動中
[2022-12-17 22:50:08.020300] 開始發送數據
[2022-12-17 22:59:37.716235] 開始執行
[2022-12-17 22:59:37.728234] 檢查系統
[2022-12-17 22:59:37.743235] 系統檢查成功,你的系統為 Windows
[2022-12-17 22:59:42.756496] 連線成功
[2022-12-17 22:59:42.937995] 啟動中
[2022-12-17 22:59:44.352231] 開始發送數據
[2022-12-17 22:59:44.373233] 發生錯誤,錯誤為: ['<' not supported between instances of 'NoneType' and 'int']
[2022-12-17 23:00:57.033600] 開始執行
[2022-12-17 23:00:57.046600] 檢查系統
[2022-12-17 23:00:57.061599] 系統檢查成功,你的系統為 Windows
[2022-12-17 23:01:02.074337] 連線成功
[2022-12-17 23:01:02.205252] 啟動中
[2022-12-17 23:01:03.622077] 開始發送數據
[2022-12-17 23:01:30.433964] 開始執行
[2022-12-17 23:01:30.447412] 檢查系統
[2022-12-17 23:01:30.461414] 系統檢查成功,你的系統為 Windows
[2022-12-17 23:01:35.477161] 連線成功
[2022-12-17 23:01:35.609682] 啟動中
[2022-12-17 23:01:37.039763] 開始發送數據
[2022-12-17 23:01:58.539084] 開始執行
[2022-12-17 23:01:58.551412] 檢查系統
[2022-12-17 23:01:58.587417] 系統檢查成功,你的系統為 Windows
[2022-12-17 23:02:03.602077] 連線成功
[2022-12-17 23:02:03.722751] 啟動中
[2022-12-17 23:02:05.138683] 開始發送數據
[2022-12-17 23:02:21.687085] 開始執行
[2022-12-17 23:02:21.698254] 檢查系統
[2022-12-17 23:02:21.709255] 系統檢查成功,你的系統為 Windows
[2022-12-17 23:02:26.723879] 連線成功
[2022-12-17 23:02:26.915140] 啟動中
[2022-12-17 23:02:28.329823] 開始發送數據
[2022-12-17 23:06:37.744643] 開始執行
[2022-12-17 23:06:37.760143] 檢查系統
[2022-12-17 23:06:37.778087] 系統檢查成功,你的系統為 Windows
[2022-12-17 23:06:42.793091] 連線成功
[2022-12-17 23:06:43.162083] 啟動中
[2022-12-17 23:06:44.577991] 開始發送數據
[2022-12-17 23:09:40.035158] 開始執行
[2022-12-17 23:09:40.052668] 檢查系統
[2022-12-17 23:09:40.066667] 系統檢查成功,你的系統為 Windows
[2022-12-17 23:09:45.079351] 連線成功
[2022-12-17 23:09:45.256987] 啟動中
[2022-12-17 23:09:46.673713] 開始發送數據
[2022-12-17 23:10:49.734084] 開始執行
[2022-12-17 23:10:49.745089] 檢查系統
[2022-12-17 23:10:49.781594] 系統檢查成功,你的系統為 Windows
[2022-12-17 23:10:54.794615] 連線成功
[2022-12-17 23:10:54.965086] 啟動中
[2022-12-17 23:10:56.366080] 開始發送數據
[2022-12-17 23:11:29.584245] 開始執行
[2022-12-17 23:11:29.597204] 檢查系統
[2022-12-17 23:11:29.610087] 系統檢查成功,你的系統為 Windows
[2022-12-17 23:11:34.625457] 連線成功
[2022-12-17 23:11:34.752129] 啟動中
[2022-12-17 23:11:36.160089] 開始發送數據
[2022-12-18 15:59:56.474321] 開始執行
[2022-12-18 15:59:56.483321] 檢查系統
[2022-12-18 15:59:56.492890] 系統檢查成功,你的系統為 Windows
[2022-12-18 15:59:56.510899] 連線失敗,請檢查端口是否正確或板子是否正確連接
[2022-12-18 16:00:07.618743] 開始執行
[2022-12-18 16:00:07.630259] 檢查系統
[2022-12-18 16:00:07.639258] 系統檢查成功,你的系統為 Windows
[2022-12-18 16:00:07.648259] 連線失敗,請檢查端口是否正確或板子是否正確連接
[2022-12-18 16:00:09.913367] 開始執行
[2022-12-18 16:00:09.932822] 檢查系統
[2022-12-18 16:00:09.961837] 系統檢查成功,你的系統為 Windows
[2022-12-18 16:00:09.975216] 連線失敗,請檢查端口是否正確或板子是否正確連接
[2022-12-18 16:00:25.495551] 開始執行
[2022-12-18 16:00:25.506551] 檢查系統
[2022-12-18 16:00:25.517055] 系統檢查成功,你的系統為 Windows
[2022-12-18 16:00:30.534429] 連線成功
[2022-12-18 16:00:30.715033] 啟動中
[2022-12-18 16:00:32.117477] 開始發送數據
[2022-12-18 16:00:59.858059] 開始執行
[2022-12-18 16:00:59.874058] 檢查系統
[2022-12-18 16:00:59.891058] 系統檢查成功,你的系統為 Windows
[2022-12-18 16:01:04.902029] 連線成功
[2022-12-18 16:01:05.024639] 啟動中
[2022-12-18 16:01:06.441449] 開始發送數據
[2022-12-18 16:01:32.301059] 開始執行
[2022-12-18 16:01:32.310054] 檢查系統
[2022-12-18 16:01:32.322059] 系統檢查成功,你的系統為 Windows
[2022-12-18 16:01:37.335058] 連線成功
[2022-12-18 16:01:37.463005] 啟動中
[2022-12-18 16:01:38.888057] 開始發送數據
[2022-12-18 16:02:16.787057] 開始執行
[2022-12-18 16:02:16.801390] 檢查系統
[2022-12-18 16:02:16.815726] 系統檢查成功,你的系統為 Windows
[2022-12-18 16:02:21.830356] 連線成功
[2022-12-18 16:02:21.984053] 啟動中
[2022-12-18 16:02:23.409054] 開始發送數據
[2022-12-18 16:07:04.284058] 開始執行
[2022-12-18 16:07:04.298034] 檢查系統
[2022-12-18 16:07:04.309035] 系統檢查成功,你的系統為 Windows
[2022-12-18 16:07:09.323541] 連線成功
[2022-12-18 16:07:09.487053] 啟動中
[2022-12-18 16:07:10.908334] 開始發送數據
[2022-12-18 16:09:09.076577] 開始執行
[2022-12-18 16:09:09.083574] 檢查系統
[2022-12-18 16:09:09.097577] 系統檢查成功,你的系統為 Windows
[2022-12-18 16:09:14.107926] 連線成功
[2022-12-18 16:09:14.283288] 啟動中
[2022-12-18 16:09:15.699054] 開始發送數據
[2022-12-18 16:09:36.855056] 開始執行
[2022-12-18 16:09:36.867021] 檢查系統
[2022-12-18 16:09:36.878060] 系統檢查成功,你的系統為 Windows
[2022-12-18 16:09:41.888562] 連線成功
[2022-12-18 16:09:42.011527] 啟動中
[2022-12-18 16:09:43.413035] 開始發送數據
[2022-12-18 16:10:33.515432] 開始執行
[2022-12-18 16:10:33.527433] 檢查系統
[2022-12-18 16:10:33.540040] 系統檢查成功,你的系統為 Windows
[2022-12-18 16:10:38.552858] 連線成功
[2022-12-18 16:10:38.677390] 啟動中
[2022-12-18 16:10:40.092472] 開始發送數據
[2022-12-18 16:12:28.037901] 開始執行
[2022-12-18 16:12:28.054055] 檢查系統
[2022-12-18 16:12:28.072058] 系統檢查成功,你的系統為 Windows
[2022-12-18 16:12:33.092967] 連線成功
[2022-12-18 16:12:33.224348] 啟動中
[2022-12-18 16:12:34.635997] 開始發送數據
[2022-12-18 16:12:48.268848] 開始執行
[2022-12-18 16:12:48.287848] 檢查系統
[2022-12-18 16:12:48.302848] 系統檢查成功,你的系統為 Windows
[2022-12-18 16:12:53.318050] 連線成功
[2022-12-18 16:12:53.450021] 啟動中
[2022-12-18 16:12:54.867447] 開始發送數據
[2022-12-18 16:13:24.412050] 開始執行
[2022-12-18 16:13:24.428422] 檢查系統
[2022-12-18 16:13:24.441059] 系統檢查成功,你的系統為 Windows
[2022-12-18 16:13:29.457448] 連線成功
[2022-12-18 16:13:29.623120] 啟動中
[2022-12-18 16:13:31.034639] 開始發送數據
[2022-12-18 16:14:35.931101] 開始執行
[2022-12-18 16:14:35.943276] 檢查系統
[2022-12-18 16:14:35.954050] 系統檢查成功,你的系統為 Windows
[2022-12-18 16:14:41.034616] 連線成功
[2022-12-18 16:14:41.228955] 啟動中
[2022-12-18 16:14:42.641561] 開始發送數據
[2022-12-18 16:15:21.726050] 開始執行
[2022-12-18 16:15:21.734062] 檢查系統
[2022-12-18 16:15:21.744064] 系統檢查成功,你的系統為 Windows
[2022-12-18 16:15:26.757027] 連線成功
[2022-12-18 16:15:26.885018] 啟動中
[2022-12-18 16:15:28.307052] 開始發送數據
[2022-12-18 16:17:16.573018] 開始執行
[2022-12-18 16:17:16.587018] 檢查系統
[2022-12-18 16:17:16.601018] 系統檢查成功,你的系統為 Windows
[2022-12-18 16:17:21.613648] 連線成功
[2022-12-18 16:17:21.745372] 啟動中
[2022-12-18 16:17:23.165790] 開始發送數據
[2022-12-18 16:18:07.501295] 開始執行
[2022-12-18 16:18:07.516345] 檢查系統
[2022-12-18 16:18:07.531039] 系統檢查成功,你的系統為 Windows
[2022-12-18 16:18:12.545094] 連線成功
[2022-12-18 16:18:12.693924] 啟動中
[2022-12-18 16:18:14.110911] 開始發送數據
[2022-12-18 16:19:40.108422] 開始執行
[2022-12-18 16:19:40.122058] 檢查系統
[2022-12-18 16:19:40.138054] 系統檢查成功,你的系統為 Windows
[2022-12-18 16:19:45.155908] 連線成功
[2022-12-18 16:19:45.279277] 啟動中
[2022-12-18 16:19:46.696624] 開始發送數據
[2022-12-18 16:20:13.987058] 開始執行
[2022-12-18 16:20:13.998461] 檢查系統
[2022-12-18 16:20:14.012948] 系統檢查成功,你的系統為 Windows
[2022-12-18 16:20:19.024718] 連線成功
[2022-12-18 16:20:19.152055] 啟動中
[2022-12-18 16:20:20.555650] 開始發送數據
[2022-12-18 16:20:55.142859] 開始執行
[2022-12-18 16:20:55.161857] 檢查系統
[2022-12-18 16:20:55.185861] 系統檢查成功,你的系統為 Windows
[2022-12-18 16:21:00.197998] 連線成功
[2022-12-18 16:21:00.350565] 啟動中
[2022-12-18 16:21:01.769056] 開始發送數據
[2022-12-18 16:22:11.394058] 開始執行
[2022-12-18 16:22:11.410059] 檢查系統
[2022-12-18 16:22:11.427059] 系統檢查成功,你的系統為 Windows
[2022-12-18 16:22:16.438371] 連線成功
[2022-12-18 16:22:16.560054] 啟動中
[2022-12-18 16:22:17.974492] 開始發送數據
[2022-12-18 16:22:53.313346] 開始執行
[2022-12-18 16:22:53.329343] 檢查系統
[2022-12-18 16:22:53.346346] 系統檢查成功,你的系統為 Windows
[2022-12-18 16:22:58.362570] 連線成功
[2022-12-18 16:22:58.485959] 啟動中
[2022-12-18 16:22:59.904135] 開始發送數據
[2022-12-18 16:23:23.478859] 開始執行
[2022-12-18 16:23:23.488570] 檢查系統
[2022-12-18 16:23:23.496371] 系統檢查成功,你的系統為 Windows
[2022-12-18 16:23:28.511799] 連線成功
[2022-12-18 16:23:28.636052] 啟動中
[2022-12-18 16:23:30.055504] 開始發送數據
[2022-12-18 16:24:31.306058] 開始執行
[2022-12-18 16:24:31.321061] 檢查系統
[2022-12-18 16:24:31.337049] 系統檢查成功,你的系統為 Windows
[2022-12-18 16:24:36.351604] 連線成功
[2022-12-18 16:24:36.485052] 啟動中
[2022-12-18 16:24:37.905629] 開始發送數據
[2022-12-18 16:25:02.561036] 開始執行
[2022-12-18 16:25:02.567991] 檢查系統
[2022-12-18 16:25:02.575988] 系統檢查成功,你的系統為 Windows
[2022-12-18 16:25:07.585054] 連線成功
[2022-12-18 16:25:07.708664] 啟動中
[2022-12-18 16:25:09.109864] 開始發送數據
[2022-12-18 16:25:35.393153] 開始執行
[2022-12-18 16:25:35.409193] 檢查系統
[2022-12-18 16:25:35.426069] 系統檢查成功,你的系統為 Windows
[2022-12-18 16:25:40.440479] 連線成功
[2022-12-18 16:25:40.566094] 啟動中
[2022-12-18 16:25:41.961153] 開始發送數據
[2022-12-18 16:27:54.381053] 開始執行
[2022-12-18 16:27:54.397060] 檢查系統
[2022-12-18 16:27:54.416057] 系統檢查成功,你的系統為 Windows
[2022-12-18 16:27:59.428055] 連線成功
[2022-12-18 16:27:59.603052] 啟動中
[2022-12-18 16:28:01.017057] 開始發送數據
[2022-12-18 16:30:08.965384] 開始執行
[2022-12-18 16:30:08.978196] 檢查系統
[2022-12-18 16:30:08.990205] 系統檢查成功,你的系統為 Windows
[2022-12-18 16:30:14.005371] 連線成功
[2022-12-18 16:30:14.165946] 啟動中
[2022-12-18 16:30:15.562714] 開始發送數據
[2022-12-18 16:30:55.102429] 開始執行
[2022-12-18 16:30:55.115429] 檢查系統
[2022-12-18 16:30:55.126429] 系統檢查成功,你的系統為 Windows
[2022-12-18 16:31:00.141052] 連線成功
[2022-12-18 16:31:00.331118] 啟動中
[2022-12-18 16:31:01.749863] 開始發送數據
[2022-12-18 16:31:48.454569] 開始執行
[2022-12-18 16:31:48.465569] 檢查系統
[2022-12-18 16:31:48.476579] 系統檢查成功,你的系統為 Windows
[2022-12-18 16:31:53.487913] 連線成功
[2022-12-18 16:31:53.673331] 啟動中
[2022-12-18 16:31:55.087798] 開始發送數據
[2022-12-18 16:32:28.062728] 開始執行
[2022-12-18 16:32:28.078728] 檢查系統
[2022-12-18 16:32:28.097735] 系統檢查成功,你的系統為 Windows
[2022-12-18 16:32:33.111101] 連線成功
[2022-12-18 16:32:33.245309] 啟動中
[2022-12-18 16:32:34.644048] 開始發送數據
[2022-12-18 16:33:49.620621] 開始執行
[2022-12-18 16:33:49.634140] 檢查系統
[2022-12-18 16:33:49.645140] 系統檢查成功,你的系統為 Windows
[2022-12-18 16:33:54.661012] 連線成功
[2022-12-18 16:33:54.853018] 啟動中
[2022-12-18 16:33:56.268547] 開始發送數據
[2022-12-18 16:36:11.311635] 開始執行
[2022-12-18 16:36:11.325343] 檢查系統
[2022-12-18 16:36:11.338060] 系統檢查成功,你的系統為 Windows
[2022-12-18 16:36:16.355281] 連線成功
[2022-12-18 16:36:16.527259] 啟動中
[2022-12-18 16:36:17.944430] 開始發送數據
[2022-12-18 16:37:19.815775] 開始執行
[2022-12-18 16:37:19.830775] 檢查系統
[2022-12-18 16:37:19.843776] 系統檢查成功,你的系統為 Windows
[2022-12-18 16:37:24.858277] 連線成功
[2022-12-18 16:37:25.047668] 啟動中
[2022-12-18 16:37:26.459305] 開始發送數據
[2022-12-18 16:39:54.381490] 開始執行
[2022-12-18 16:39:54.396490] 檢查系統
[2022-12-18 16:39:54.411498] 系統檢查成功,你的系統為 Windows
[2022-12-18 16:39:59.424849] 連線成功
[2022-12-18 16:39:59.630940] 啟動中
[2022-12-18 16:40:01.037863] 開始發送數據
[2022-12-18 16:43:24.969066] 開始執行
[2022-12-18 16:43:24.978070] 檢查系統
[2022-12-18 16:43:24.987079] 系統檢查成功,你的系統為 Windows
[2022-12-18 16:43:30.000432] 連線成功
[2022-12-18 16:43:30.190607] 啟動中
[2022-12-18 16:43:31.600326] 開始發送數據
[2022-12-18 16:44:20.883567] 開始執行
[2022-12-18 16:44:20.895567] 檢查系統
[2022-12-18 16:44:20.908572] 系統檢查成功,你的系統為 Windows
[2022-12-18 16:44:25.923049] 連線成功
[2022-12-18 16:44:26.108756] 啟動中
[2022-12-18 16:44:27.526173] 開始發送數據
[2022-12-18 16:45:53.482586] 開始執行
[2022-12-18 16:45:53.491586] 檢查系統
[2022-12-18 16:45:53.503582] 系統檢查成功,你的系統為 Windows
[2022-12-18 16:45:58.515967] 連線成功
[2022-12-18 16:45:58.707051] 啟動中
[2022-12-18 16:46:00.116287] 開始發送數據
[2022-12-18 16:47:23.654187] 開始執行
[2022-12-18 16:47:23.676393] 檢查系統
[2022-12-18 16:47:23.688619] 系統檢查成功,你的系統為 Windows
[2022-12-18 16:47:28.701499] 連線成功
[2022-12-18 16:47:28.888745] 啟動中
[2022-12-18 16:47:30.310711] 開始發送數據
[2022-12-18 16:48:40.063544] 開始執行
[2022-12-18 16:48:40.077545] 檢查系統
[2022-12-18 16:48:40.092554] 系統檢查成功,你的系統為 Windows
[2022-12-18 16:48:45.106837] 連線成功
[2022-12-18 16:48:45.316922] 啟動中
[2022-12-18 16:49:05.028558] 開始執行
[2022-12-18 16:49:05.036557] 檢查系統
[2022-12-18 16:49:05.043556] 系統檢查成功,你的系統為 Windows
[2022-12-18 16:49:10.058051] 連線成功
[2022-12-18 16:49:10.232051] 啟動中
[2022-12-18 16:49:11.652458] 開始發送數據
[2022-12-18 16:53:25.584572] 開始執行
[2022-12-18 16:53:25.597572] 檢查系統
[2022-12-18 16:53:25.611572] 系統檢查成功,你的系統為 Windows
[2022-12-18 16:53:30.624796] 連線成功
[2022-12-18 16:53:30.824102] 啟動中
[2022-12-18 16:53:32.242250] 開始發送數據
[2022-12-18 17:07:43.036769] 開始執行
[2022-12-18 17:07:43.050769] 檢查系統
[2022-12-18 17:07:43.067257] 系統檢查成功,你的系統為 Windows
[2022-12-18 17:07:48.082510] 連線成功
[2022-12-18 17:07:48.257206] 啟動中
[2022-12-18 17:07:49.668055] 開始發送數據
[2022-12-18 17:11:12.663931] 開始執行
[2022-12-18 17:11:12.679931] 檢查系統
[2022-12-18 17:11:12.695937] 系統檢查成功,你的系統為 Windows
[2022-12-18 17:11:17.710101] 連線成功
[2022-12-18 17:11:17.831059] 啟動中
[2022-12-18 17:11:19.245706] 開始發送數據
[2022-12-18 17:15:13.417055] 開始執行
[2022-12-18 17:15:13.426679] 檢查系統
[2022-12-18 17:15:13.438061] 系統檢查成功,你的系統為 Windows
[2022-12-18 17:15:18.449011] 連線成功
[2022-12-18 17:15:18.576923] 啟動中
[2022-12-18 17:15:26.577859] 開始執行
[2022-12-18 17:15:26.591846] 檢查系統
[2022-12-18 17:15:26.604845] 系統檢查成功,你的系統為 Windows
[2022-12-18 17:15:31.618876] 連線成功
[2022-12-18 17:15:31.769301] 啟動中
[2022-12-18 17:15:33.187025] 開始發送數據
[2022-12-18 17:19:00.398315] 開始執行
[2022-12-18 17:19:00.411321] 檢查系統
[2022-12-18 17:19:00.430830] 系統檢查成功,你的系統為 Windows
[2022-12-18 17:19:05.443767] 連線成功
[2022-12-18 17:19:05.579600] 啟動中
[2022-12-18 17:19:06.995056] 開始發送數據
[2022-12-18 17:20:48.152582] 開始執行
[2022-12-18 17:20:48.166582] 檢查系統
[2022-12-18 17:20:48.184582] 系統檢查成功,你的系統為 Windows
[2022-12-18 17:20:53.201983] 連線成功
[2022-12-18 17:20:53.385974] 啟動中
[2022-12-18 17:20:54.802053] 開始發送數據
[2022-12-18 17:21:00.963041] 開始執行
[2022-12-18 17:21:00.974041] 檢查系統
[2022-12-18 17:21:00.984040] 系統檢查成功,你的系統為 Windows
[2022-12-18 17:21:05.995007] 連線成功
[2022-12-18 17:21:06.152969] 啟動中
[2022-12-18 17:21:07.566447] 開始發送數據
[2022-12-18 17:21:36.463058] 開始執行
[2022-12-18 17:21:36.482058] 檢查系統
[2022-12-18 17:21:36.495054] 系統檢查成功,你的系統為 Windows
[2022-12-18 17:21:41.507081] 連線成功
[2022-12-18 17:21:41.632043] 啟動中
[2022-12-18 17:21:43.030129] 開始發送數據
[2022-12-18 17:23:06.522824] 開始執行
[2022-12-18 17:23:06.535825] 檢查系統
[2022-12-18 17:23:06.547825] 系統檢查成功,你的系統為 Windows
[2022-12-18 17:23:11.560023] 連線成功
[2022-12-18 17:23:11.695061] 啟動中
[2022-12-18 17:23:13.104476] 開始發送數據
[2022-12-18 17:23:16.745930] 程式被手動停止
[2022-12-18 17:24:05.418279] 開始執行
[2022-12-18 17:24:05.432279] 檢查系統
[2022-12-18 17:24:05.446279] 系統檢查成功,你的系統為 Windows
[2022-12-18 17:24:10.456620] 連線成功
[2022-12-18 17:24:10.577161] 啟動中
[2022-12-18 17:24:11.998006] 開始發送數據
[2022-12-18 17:24:15.007423] 程式被手動停止
[2022-12-18 17:25:15.011137] 開始執行
[2022-12-18 17:25:15.026939] 檢查系統
[2022-12-18 17:25:15.037939] 系統檢查成功,你的系統為 Windows
[2022-12-18 17:25:20.052860] 連線成功
[2022-12-18 17:25:20.239052] 啟動中
[2022-12-18 17:25:21.659041] 開始發送數據
[2022-12-18 17:25:26.288053] 程式被手動停止
[2022-12-18 17:27:47.002053] 開始執行
[2022-12-18 17:27:47.020069] 檢查系統
[2022-12-18 17:27:47.035231] 系統檢查成功,你的系統為 Windows
[2022-12-18 17:27:52.048419] 連線成功
[2022-12-18 17:27:52.174343] 啟動中
[2022-12-18 17:27:53.591126] 開始發送數據
[2022-12-18 17:27:57.512082] 程式被手動停止
[2022-12-18 17:30:40.998367] 開始執行
[2022-12-18 17:30:41.023750] 檢查系統
[2022-12-18 17:30:41.037511] 系統檢查成功,你的系統為 Windows
[2022-12-18 17:30:46.052317] 連線成功
[2022-12-18 17:30:46.205783] 啟動中
[2022-12-18 17:30:47.616689] 開始發送數據
[2022-12-18 17:30:52.941956] 程式被手動停止
[2022-12-18 17:31:10.259058] 開始執行
[2022-12-18 17:31:10.267068] 檢查系統
[2022-12-18 17:31:10.274423] 系統檢查成功,你的系統為 Windows
[2022-12-18 17:31:15.285585] 連線成功
[2022-12-18 17:31:15.413693] 啟動中
[2022-12-18 17:31:16.830053] 開始發送數據
[2022-12-18 17:31:23.450542] 程式被手動停止
[2022-12-18 17:31:41.016059] 開始執行
[2022-12-18 17:31:41.030513] 檢查系統
[2022-12-18 17:31:41.043058] 系統檢查成功,你的系統為 Windows
[2022-12-18 17:31:46.052350] 連線成功
[2022-12-18 17:31:46.181055] 啟動中
[2022-12-18 17:31:47.595059] 開始發送數據
[2022-12-18 17:31:49.569698] 程式被手動停止
[2022-12-18 17:32:08.689056] 開始執行
[2022-12-18 17:32:08.710934] 檢查系統
[2022-12-18 17:32:08.732054] 系統檢查成功,你的系統為 Windows
[2022-12-18 17:32:13.745493] 連線成功
[2022-12-18 17:32:13.940852] 啟動中
[2022-12-18 17:32:15.359330] 開始發送數據
[2022-12-18 17:33:10.846084] 程式被手動停止
[2022-12-18 17:33:12.998644] 開始執行
[2022-12-18 17:33:13.006653] 檢查系統
[2022-12-18 17:33:13.015662] 系統檢查成功,你的系統為 Windows
[2022-12-18 17:33:18.025847] 連線成功
[2022-12-18 17:33:18.153402] 啟動中
[2022-12-18 17:33:19.553150] 開始發送數據
[2022-12-18 17:33:27.790054] 程式被手動停止
[2022-12-18 17:33:31.234911] 開始執行
[2022-12-18 17:33:31.248723] 檢查系統
[2022-12-18 17:33:31.266472] 系統檢查成功,你的系統為 Windows
[2022-12-18 17:33:36.275266] 連線成功
[2022-12-18 17:33:36.408220] 啟動中
[2022-12-18 17:33:37.808049] 開始發送數據
[2022-12-18 17:33:56.079105] 程式被手動停止
[2022-12-18 23:06:40.471301] 開始執行
[2022-12-18 23:06:40.486378] 檢查系統
[2022-12-18 23:06:40.508376] 系統檢查成功,你的系統為 Windows
[2022-12-18 23:06:40.541378] 連線失敗,請檢查端口是否正確或板子是否正確連接
[2022-12-18 23:06:56.818048] 開始執行
[2022-12-18 23:06:56.832048] 檢查系統
[2022-12-18 23:06:56.847048] 系統檢查成功,你的系統為 Windows
[2022-12-18 23:07:01.860071] 連線成功
[2022-12-18 23:07:02.052369] 啟動中
[2022-12-18 23:07:03.468069] 開始發送數據
[2022-12-18 23:07:22.436065] 程式被手動停止
[2022-12-18 23:08:59.754583] 開始執行
[2022-12-18 23:08:59.771590] 檢查系統
[2022-12-18 23:08:59.789540] 系統檢查成功,你的系統為 Windows
[2022-12-18 23:09:04.803135] 連線成功
[2022-12-18 23:09:04.939384] 啟動中
[2022-12-18 23:09:06.355070] 開始發送數據
[2022-12-18 23:09:33.666407] 程式被手動停止
[2022-12-18 23:09:50.310580] 開始執行
[2022-12-18 23:09:50.329076] 檢查系統
[2022-12-18 23:09:50.347584] 系統檢查成功,你的系統為 Windows
[2022-12-18 23:09:55.360123] 連線成功
[2022-12-18 23:09:55.487194] 啟動中
[2022-12-18 23:09:56.901120] 開始發送數據
[2022-12-18 23:12:48.667008] 程式被手動停止
[2022-12-19 21:08:50.895573] 開始執行
[2022-12-19 21:08:50.908414] 檢查系統
[2022-12-19 21:08:50.921422] 系統檢查成功,你的系統為 Windows
[2022-12-19 21:08:50.933582] 連線失敗,請檢查端口是否正確或板子是否正確連接
[2022-12-19 21:12:45.805415] 開始執行
[2022-12-19 21:12:45.820214] 檢查系統
[2022-12-19 21:12:45.833408] 系統檢查成功,你的系統為 Windows
[2022-12-19 21:12:45.849412] 連線失敗,請檢查端口是否正確或板子是否正確連接
[2022-12-19 21:23:55.313187] 開始執行
[2022-12-19 21:23:55.332365] 檢查系統
[2022-12-19 21:23:55.359851] 系統檢查成功,你的系統為 Linux
[2022-12-19 21:23:55.386596] 連線失敗,請檢查端口是否正確或板子是否正確連接
[2022-12-19 21:31:07.497274] 開始執行
[2022-12-19 21:31:07.518125] 檢查系統
[2022-12-19 21:31:07.536750] 系統檢查成功,你的系統為 Linux
[2022-12-19 21:31:07.557574] 連線失敗,請檢查端口是否正確或板子是否正確連接
[2022-12-19 21:31:45.870640] 開始執行
[2022-12-19 21:31:45.925612] 檢查系統
[2022-12-19 21:31:45.974535] 系統檢查成功,你的系統為 Linux
[2022-12-19 21:31:46.002590] 連線失敗,請檢查端口是否正確或板子是否正確連接
[2022-12-19 21:32:53.767604] 開始執行
[2022-12-19 21:32:53.786001] 檢查系統
[2022-12-19 21:32:53.805455] 系統檢查成功,你的系統為 Linux
[2022-12-19 21:32:53.826263] 連線失敗,原因: [[Errno 13] could not open port /dev/ttyUSB0: [Errno 13] Permission denied: '/dev/ttyUSB0']
[2022-12-19 21:39:28.769166] 開始執行
[2022-12-19 21:39:28.795492] 檢查系統
[2022-12-19 21:39:28.815172] 系統檢查成功,你的系統為 Linux
[2022-12-19 21:39:28.832553] 連線失敗,原因: [[Errno 13] could not open port /dev/ttyUSB0: [Errno 13] Permission denied: '/dev/ttyUSB0']
[2022-12-19 21:39:58.708167] 開始執行
[2022-12-19 21:39:58.728594] 檢查系統
[2022-12-19 21:39:58.753043] 系統檢查成功,你的系統為 Linux
[2022-12-19 21:40:03.783820] 連線成功
[2022-12-19 21:40:03.983183] 啟動中
[2022-12-19 21:40:05.011657] 開始發送數據
[2022-12-19 21:40:14.832419] 發生錯誤,錯誤為: ['乙太網路 4']
[2022-12-19 21:41:16.665606] 程式被手動停止
[2022-12-19 21:41:21.789138] 開始執行
[2022-12-19 21:41:21.814595] 檢查系統
[2022-12-19 21:41:21.832827] 系統檢查成功,你的系統為 Linux
[2022-12-19 21:41:26.859597] 連線成功
[2022-12-19 21:41:27.011165] 啟動中
[2022-12-19 21:41:28.045044] 開始發送數據
[2022-12-19 21:41:48.415942] 程式被手動停止
[2022-12-19 21:42:46.619639] 開始執行
[2022-12-19 21:42:46.638654] 檢查系統
[2022-12-19 21:42:46.658432] 系統檢查成功,你的系統為 Linux
[2022-12-19 21:42:51.687367] 連線成功
[2022-12-19 21:42:51.811260] 啟動中
[2022-12-19 21:42:52.837324] 開始發送數據
[2022-12-19 21:43:56.539536] 程式被手動停止
[2022-12-19 22:16:47.684069] 開始執行
[2022-12-19 22:16:47.748540] 檢查系統
[2022-12-19 22:16:47.768301] 系統檢查成功,你的系統為 Linux
[2022-12-19 22:16:47.788745] 連線失敗,原因:[[Errno 2] could not open port /dev/ttyUSB0: [Errno 2] No such file or directory: '/dev/ttyUSB0']
[2022-12-19 22:29:24.850448] 開始執行
[2022-12-19 22:29:24.868500] 檢查系統
[2022-12-19 22:29:24.897106] 系統檢查成功,你的系統為 Linux
[2022-12-19 22:29:29.926704] 連線成功
[2022-12-19 22:29:30.099686] 啟動中
[2022-12-19 22:29:31.121564] 開始發送數據
[2022-12-19 22:29:49.594932] 程式被手動停止
[2022-12-19 22:53:47.926674] 開始執行
[2022-12-19 22:53:47.945380] 檢查系統
[2022-12-19 22:53:47.962679] 系統檢查成功,你的系統為 Linux
[2022-12-19 22:53:47.987149] 連線失敗,原因:[[Errno 2] could not open port /dev/ttyUSB0: [Errno 2] No such file or directory: '/dev/ttyUSB0']
[2022-12-19 22:53:52.205874] 開始執行
[2022-12-19 22:53:52.223604] 檢查系統
[2022-12-19 22:53:52.241910] 系統檢查成功,你的系統為 Linux
[2022-12-19 22:53:52.258740] 連線失敗,原因:[[Errno 2] could not open port /dev/ttyUSB0: [Errno 2] No such file or directory: '/dev/ttyUSB0']
[2022-12-22 17:59:35.470247] 開始執行
[2022-12-22 17:59:35.515045] 檢查系統
[2022-12-22 17:59:35.557694] 系統檢查成功,你的系統為 Linux
[2022-12-22 17:59:35.597123] 連線失敗,原因:[[Errno 2] could not open port /dev/ttyUSB0: [Errno 2] No such file or directory: '/dev/ttyUSB0']
[2022-12-22 18:07:25.870539] 開始執行
[2022-12-22 18:07:25.911911] 連線失敗,原因: [Errno 2] could not open port /dev/ttyUSB0: [Errno 2] No such file or directory: '/dev/ttyUSB0'
[2022-12-22 20:55:30.322533] 開始執行
[2022-12-22 20:55:35.348712] 連線成功
[2022-12-22 20:55:35.533169] 啟動中
[2022-12-22 20:55:36.561169] 開始發送數據
[2022-12-22 20:56:32.017325] 程式被手動停止
[2022-12-22 23:08:39.862923] 開始執行
[2022-12-22 23:08:44.891099] 連線成功
[2022-12-22 23:08:45.013477] 啟動中
[2022-12-22 23:08:46.034333] 開始發送數據
[2022-12-22 23:09:47.116609] 程式被手動停止
[2022-12-22 23:09:51.947072] 開始執行
[2022-12-22 23:09:56.974323] 連線成功
[2022-12-22 23:09:57.119105] 啟動中
[2022-12-22 23:09:58.145070] 開始發送數據
[2022-12-22 23:10:49.965032] 程式被手動停止
[2022-12-22 23:10:55.405086] 開始執行
[2022-12-22 23:11:00.429881] 連線成功
[2022-12-22 23:11:00.554412] 啟動中
[2022-12-22 23:11:01.579337] 開始發送數據
[2022-12-22 23:14:18.917708] 程式被手動停止
